[debug] [2018-03-06T11:07:39.971Z] ----------------------------------------------------------------------
[debug] [2018-03-06T11:07:39.973Z] Command:       C:\Program Files\nodejs\node.exe C:\Users\marie\AppData\Roaming\npm\node_modules\firebase-tools\bin\firebase init hosting
[debug] [2018-03-06T11:07:39.974Z] CLI Version:   3.17.4
[debug] [2018-03-06T11:07:39.974Z] Platform:      win32
[debug] [2018-03-06T11:07:39.974Z] Node Version:  v8.9.1
[debug] [2018-03-06T11:07:39.976Z] Time:          Tue Mar 06 2018 12:07:39 GMT+0100 (W. Europe Standard Time)
[debug] [2018-03-06T11:07:39.976Z] ----------------------------------------------------------------------
[debug] 
[debug] [2018-03-06T11:07:39.989Z] > command requires scopes: ["email","openid","https://www.googleapis.com/auth/cloudplatformprojects.readonly","https://www.googleapis.com/auth/firebase"]
[debug] [2018-03-06T11:07:39.990Z] > authorizing via signed-in user
[info] 
     ######## #### ########  ######## ########     ###     ######  ########
     ##        ##  ##     ## ##       ##     ##  ##   ##  ##       ##
     ######    ##  ########  ######   ########  #########  ######  ######
     ##        ##  ##    ##  ##       ##     ## ##     ##       ## ##
     ##       #### ##     ## ######## ########  ##     ##  ######  ########

You're about to initialize a Firebase project in this directory:

  C:\Users\marie\codingprojects\move_S2\s2_move\s2_move_app

[info] 
=== Project Setup
[info] 
[info] First, let's associate this project directory with a Firebase project.
[info] You can create multiple project aliases by running firebase use --add, 
[info] but for now we'll just set up a default project.
[info] 
[debug] [2018-03-06T11:07:42.528Z] > refreshing access token with scopes: ["email","https://www.googleapis.com/auth/cloudplatformprojects.readonly","https://www.googleapis.com/auth/firebase","openid"]
[debug] [2018-03-06T11:07:42.529Z] >>> HTTP REQUEST POST https://www.googleapis.com/oauth2/v3/token  
 { refresh_token: '1/_QWbe1fSbya_cDUDZTLOoJKViBMQjZnq64GU3x2Ne4M',
  client_id: '563584335869-fgrhgmd47bqnekij5i8b5pr03ho849e6.apps.googleusercontent.com',
  client_secret: 'j9iVZfS8kkCEFUPaAeJV0sAi',
  grant_type: 'refresh_token',
  scope: 'email https://www.googleapis.com/auth/cloudplatformprojects.readonly https://www.googleapis.com/auth/firebase openid' } 
 Tue Mar 06 2018 12:07:42 GMT+0100 (W. Europe Standard Time)
[debug] [2018-03-06T11:07:42.772Z] <<< HTTP RESPONSE 200
[debug] [2018-03-06T11:07:42.787Z] >>> HTTP REQUEST GET https://admin.firebase.com/v1/projects  
  
 Tue Mar 06 2018 12:07:42 GMT+0100 (W. Europe Standard Time)
[debug] [2018-03-06T11:07:43.632Z] <<< HTTP RESPONSE 200
[info] 
=== Hosting Setup
[info] 
[info] Your public directory is the folder (relative to your project directory) that
[info] will contain Hosting assets to be uploaded with firebase deploy. If you
[info] have a build process for your assets, use your build's output directory.
[info] 
[debug] [2018-03-06T11:10:26.808Z] ----------------------------------------------------------------------
[debug] [2018-03-06T11:10:26.811Z] Command:       C:\Program Files\nodejs\node.exe C:\Users\marie\AppData\Roaming\npm\node_modules\firebase-tools\bin\firebase init hosting
[debug] [2018-03-06T11:10:26.811Z] CLI Version:   3.17.4
[debug] [2018-03-06T11:10:26.811Z] Platform:      win32
[debug] [2018-03-06T11:10:26.811Z] Node Version:  v8.9.1
[debug] [2018-03-06T11:10:26.812Z] Time:          Tue Mar 06 2018 12:10:26 GMT+0100 (W. Europe Standard Time)
[debug] [2018-03-06T11:10:26.812Z] ----------------------------------------------------------------------
[debug] 
[debug] [2018-03-06T11:10:26.822Z] > command requires scopes: ["email","openid","https://www.googleapis.com/auth/cloudplatformprojects.readonly","https://www.googleapis.com/auth/firebase"]
[debug] [2018-03-06T11:10:26.823Z] > authorizing via signed-in user
[info] 
     ######## #### ########  ######## ########     ###     ######  ########
     ##        ##  ##     ## ##       ##     ##  ##   ##  ##       ##
     ######    ##  ########  ######   ########  #########  ######  ######
     ##        ##  ##    ##  ##       ##     ## ##     ##       ## ##
     ##       #### ##     ## ######## ########  ##     ##  ######  ########

You're about to initialize a Firebase project in this directory:

  C:\Users\marie\codingprojects\move_S2\s2_move\s2_move_app

[info] 
=== Project Setup
[info] 
[info] First, let's associate this project directory with a Firebase project.
[info] You can create multiple project aliases by running firebase use --add, 
[info] but for now we'll just set up a default project.
[info] 
[debug] [2018-03-06T11:10:31.119Z] >>> HTTP REQUEST GET https://admin.firebase.com/v1/projects  
  
 Tue Mar 06 2018 12:10:31 GMT+0100 (W. Europe Standard Time)
[debug] [2018-03-06T11:10:31.809Z] <<< HTTP RESPONSE 200
[info] 
=== Hosting Setup
[info] 
[info] Your public directory is the folder (relative to your project directory) that
[info] will contain Hosting assets to be uploaded with firebase deploy. If you
[info] have a build process for your assets, use your build's output directory.
[info] 
